{"E:\\workspace\\node\\stasisgg-backend\\src\\intializeKayn.ts": {"path":"E:\\workspace\\node\\stasisgg-backend\\src\\intializeKayn.ts","statementMap":{"0":{"start":{"line":1,"column":0},"end":{"line":1,"column":27}},"1":{"start":{"line":2,"column":0},"end":{"line":2,"column":37}},"2":{"start":{"line":4,"column":25},"end":{"line":4,"column":70}},"3":{"start":{"line":5,"column":13},"end":{"line":26,"column":3}}},"fnMap":{},"branchMap":{"0":{"loc":{"start":{"line":4,"column":25},"end":{"line":4,"column":53}},"type":"binary-expr","locations":[{"start":{"line":4,"column":25},"end":{"line":4,"column":53}},{"start":{"line":4,"column":57},"end":{"line":4,"column":70}}]}},"s":{"0":3,"1":3,"2":3,"3":3},"f":{},"b":{"0":[3,0]}}
,"E:\\workspace\\node\\stasisgg-backend\\src\\queueHelper.ts": {"path":"E:\\workspace\\node\\stasisgg-backend\\src\\queueHelper.ts","statementMap":{"0":{"start":{"line":1,"column":18},"end":{"line":5,"column":2}},"1":{"start":{"line":8,"column":2},"end":{"line":12,"column":null}},"2":{"start":{"line":9,"column":4},"end":{"line":9,"column":30}},"3":{"start":{"line":11,"column":4},"end":{"line":11,"column":60}},"4":{"start":{"line":7,"column":0},"end":{"line":7,"column":16}}},"fnMap":{"0":{"name":"getMapFromQueueId","decl":{"start":{"line":7,"column":16},"end":{"line":7,"column":33}},"loc":{"start":{"line":7,"column":49},"end":{"line":13,"column":1}}}},"branchMap":{"0":{"loc":{"start":{"line":8,"column":2},"end":{"line":12,"column":null}},"type":"if","locations":[{"start":{"line":8,"column":2},"end":{"line":12,"column":null}},{"start":{"line":8,"column":2},"end":{"line":12,"column":null}}]}},"s":{"0":1,"1":1,"2":1,"3":0,"4":1},"f":{"0":1},"b":{"0":[1,0]}}
,"E:\\workspace\\node\\stasisgg-backend\\src\\responseBuilder.ts": {"path":"E:\\workspace\\node\\stasisgg-backend\\src\\responseBuilder.ts","statementMap":{"0":{"start":{"line":7,"column":2},"end":{"line":13,"column":4}},"1":{"start":{"line":6,"column":0},"end":{"line":6,"column":16}},"2":{"start":{"line":17,"column":2},"end":{"line":22,"column":4}},"3":{"start":{"line":16,"column":0},"end":{"line":16,"column":16}},"4":{"start":{"line":26,"column":23},"end":{"line":30,"column":4}},"5":{"start":{"line":31,"column":2},"end":{"line":34,"column":4}},"6":{"start":{"line":25,"column":0},"end":{"line":25,"column":16}}},"fnMap":{"0":{"name":"makeResponse","decl":{"start":{"line":6,"column":16},"end":{"line":6,"column":28}},"loc":{"start":{"line":6,"column":104},"end":{"line":14,"column":1}}},"1":{"name":"makeErrorResponse","decl":{"start":{"line":16,"column":16},"end":{"line":16,"column":33}},"loc":{"start":{"line":16,"column":69},"end":{"line":23,"column":1}}},"2":{"name":"makeAPIErrorResponse","decl":{"start":{"line":25,"column":16},"end":{"line":25,"column":36}},"loc":{"start":{"line":25,"column":51},"end":{"line":35,"column":1}}}},"branchMap":{},"s":{"0":2,"1":3,"2":9,"3":3,"4":0,"5":0,"6":3},"f":{"0":2,"1":9,"2":0},"b":{}}
,"E:\\workspace\\node\\stasisgg-backend\\src\\__test__\\faker_3827552557.ts": {"path":"E:\\workspace\\node\\stasisgg-backend\\src\\__test__\\faker_3827552557.ts","statementMap":{"0":{"start":{"line":4,"column":13},"end":{"line":14,"column":2}},"1":{"start":{"line":16,"column":13},"end":{"line":1689,"column":2}}},"fnMap":{},"branchMap":{},"s":{"0":1,"1":1},"f":{},"b":{}}
,"E:\\workspace\\node\\stasisgg-backend\\src\\__test__\\mock.ts": {"path":"E:\\workspace\\node\\stasisgg-backend\\src\\__test__\\mock.ts","statementMap":{"0":{"start":{"line":4,"column":13},"end":{"line":65,"column":2}}},"fnMap":{},"branchMap":{},"s":{"0":3},"f":{},"b":{}}
,"E:\\workspace\\node\\stasisgg-backend\\src\\get-last-10-matches\\getLast10Matches.ts": {"path":"E:\\workspace\\node\\stasisgg-backend\\src\\get-last-10-matches\\getLast10Matches.ts","statementMap":{"0":{"start":{"line":2,"column":0},"end":{"line":2,"column":40}},"1":{"start":{"line":4,"column":0},"end":{"line":4,"column":69}},"2":{"start":{"line":8,"column":18},"end":{"line":11,"column":5}},"3":{"start":{"line":9,"column":14},"end":{"line":9,"column":43}},"4":{"start":{"line":10,"column":4},"end":{"line":10,"column":13}},"5":{"start":{"line":12,"column":2},"end":{"line":12,"column":17}},"6":{"start":{"line":7,"column":0},"end":{"line":7,"column":7}},"7":{"start":{"line":15,"column":13},"end":{"line":47,"column":2}},"8":{"start":{"line":16,"column":2},"end":{"line":18,"column":null}},"9":{"start":{"line":17,"column":4},"end":{"line":17,"column":65}},"10":{"start":{"line":20,"column":15},"end":{"line":20,"column":47}},"11":{"start":{"line":21,"column":24},"end":{"line":21,"column":57}},"12":{"start":{"line":22,"column":2},"end":{"line":22,"column":56}},"13":{"start":{"line":23,"column":2},"end":{"line":25,"column":null}},"14":{"start":{"line":24,"column":4},"end":{"line":24,"column":75}},"15":{"start":{"line":27,"column":22},"end":{"line":29,"column":33}},"16":{"start":{"line":30,"column":2},"end":{"line":32,"column":null}},"17":{"start":{"line":31,"column":4},"end":{"line":31,"column":47}},"18":{"start":{"line":34,"column":39},"end":{"line":35,"column":null}},"19":{"start":{"line":34,"column":80},"end":{"line":34,"column":86}},"20":{"start":{"line":35,"column":50},"end":{"line":35,"column":63}},"21":{"start":{"line":38,"column":2},"end":{"line":40,"column":null}},"22":{"start":{"line":39,"column":4},"end":{"line":39,"column":49}},"23":{"start":{"line":42,"column":18},"end":{"line":42,"column":75}},"24":{"start":{"line":43,"column":2},"end":{"line":43,"column":42}},"25":{"start":{"line":46,"column":2},"end":{"line":46,"column":76}}},"fnMap":{"0":{"name":"getMatchesFromGameIdsPromiseAll","decl":{"start":{"line":7,"column":22},"end":{"line":7,"column":53}},"loc":{"start":{"line":7,"column":71},"end":{"line":13,"column":1}}},"1":{"name":"(anonymous_1)","decl":{"start":{"line":8,"column":42},"end":{"line":8,"column":47}},"loc":{"start":{"line":8,"column":58},"end":{"line":11,"column":3}}},"2":{"name":"(anonymous_2)","decl":{"start":{"line":15,"column":32},"end":{"line":15,"column":37}},"loc":{"start":{"line":15,"column":102},"end":{"line":47,"column":1}}},"3":{"name":"(anonymous_3)","decl":{"start":{"line":34,"column":64},"end":{"line":34,"column":65}},"loc":{"start":{"line":34,"column":80},"end":{"line":34,"column":86}}},"4":{"name":"(anonymous_4)","decl":{"start":{"line":35,"column":4},"end":{"line":35,"column":5}},"loc":{"start":{"line":35,"column":50},"end":{"line":35,"column":63}}}},"branchMap":{"0":{"loc":{"start":{"line":16,"column":2},"end":{"line":18,"column":null}},"type":"if","locations":[{"start":{"line":16,"column":2},"end":{"line":18,"column":null}},{"start":{"line":16,"column":2},"end":{"line":18,"column":null}}]},"1":{"loc":{"start":{"line":16,"column":6},"end":{"line":16,"column":42}},"type":"binary-expr","locations":[{"start":{"line":16,"column":6},"end":{"line":16,"column":42}},{"start":{"line":16,"column":46},"end":{"line":16,"column":79}}]},"2":{"loc":{"start":{"line":23,"column":2},"end":{"line":25,"column":null}},"type":"if","locations":[{"start":{"line":23,"column":2},"end":{"line":25,"column":null}},{"start":{"line":23,"column":2},"end":{"line":25,"column":null}}]},"3":{"loc":{"start":{"line":30,"column":2},"end":{"line":32,"column":null}},"type":"if","locations":[{"start":{"line":30,"column":2},"end":{"line":32,"column":null}},{"start":{"line":30,"column":2},"end":{"line":32,"column":null}}]},"4":{"loc":{"start":{"line":38,"column":2},"end":{"line":40,"column":null}},"type":"if","locations":[{"start":{"line":38,"column":2},"end":{"line":40,"column":null}},{"start":{"line":38,"column":2},"end":{"line":40,"column":null}}]}},"s":{"0":1,"1":1,"2":0,"3":0,"4":0,"5":0,"6":1,"7":1,"8":3,"9":2,"10":1,"11":1,"12":1,"13":1,"14":1,"15":0,"16":0,"17":0,"18":0,"19":0,"20":0,"21":0,"22":0,"23":0,"24":0,"25":0},"f":{"0":0,"1":0,"2":3,"3":0,"4":0},"b":{"0":[2,1],"1":[3,3],"2":[1,0],"3":[0,0],"4":[0,0]}}
,"E:\\workspace\\node\\stasisgg-backend\\src\\get-one-match\\getOneMatch.ts": {"path":"E:\\workspace\\node\\stasisgg-backend\\src\\get-one-match\\getOneMatch.ts","statementMap":{"0":{"start":{"line":2,"column":0},"end":{"line":2,"column":40}},"1":{"start":{"line":3,"column":0},"end":{"line":3,"column":91}},"2":{"start":{"line":6,"column":13},"end":{"line":30,"column":2}},"3":{"start":{"line":7,"column":2},"end":{"line":9,"column":null}},"4":{"start":{"line":8,"column":4},"end":{"line":8,"column":67}},"5":{"start":{"line":10,"column":17},"end":{"line":10,"column":52}},"6":{"start":{"line":11,"column":2},"end":{"line":13,"column":null}},"7":{"start":{"line":12,"column":4},"end":{"line":12,"column":93}},"8":{"start":{"line":15,"column":40},"end":{"line":20,"column":4}},"9":{"start":{"line":21,"column":2},"end":{"line":27,"column":7}},"10":{"start":{"line":23,"column":6},"end":{"line":23,"column":70}},"11":{"start":{"line":26,"column":6},"end":{"line":26,"column":43}},"12":{"start":{"line":29,"column":2},"end":{"line":29,"column":18}}},"fnMap":{"0":{"name":"(anonymous_0)","decl":{"start":{"line":6,"column":27},"end":{"line":6,"column":32}},"loc":{"start":{"line":6,"column":97},"end":{"line":30,"column":1}}},"1":{"name":"(anonymous_1)","decl":{"start":{"line":22,"column":10},"end":{"line":22,"column":14}},"loc":{"start":{"line":22,"column":17},"end":{"line":24,"column":5}}},"2":{"name":"(anonymous_2)","decl":{"start":{"line":25,"column":11},"end":{"line":25,"column":14}},"loc":{"start":{"line":25,"column":17},"end":{"line":27,"column":5}}}},"branchMap":{"0":{"loc":{"start":{"line":7,"column":2},"end":{"line":9,"column":null}},"type":"if","locations":[{"start":{"line":7,"column":2},"end":{"line":9,"column":null}},{"start":{"line":7,"column":2},"end":{"line":9,"column":null}}]},"1":{"loc":{"start":{"line":7,"column":6},"end":{"line":7,"column":42}},"type":"binary-expr","locations":[{"start":{"line":7,"column":6},"end":{"line":7,"column":42}},{"start":{"line":7,"column":46},"end":{"line":7,"column":81}}]},"2":{"loc":{"start":{"line":11,"column":2},"end":{"line":13,"column":null}},"type":"if","locations":[{"start":{"line":11,"column":2},"end":{"line":13,"column":null}},{"start":{"line":11,"column":2},"end":{"line":13,"column":null}}]}},"s":{"0":1,"1":1,"2":1,"3":4,"4":2,"5":2,"6":2,"7":1,"8":1,"9":1,"10":1,"11":0,"12":1},"f":{"0":4,"1":1,"2":0},"b":{"0":[2,2],"1":[4,4],"2":[1,1]}}
,"E:\\workspace\\node\\stasisgg-backend\\src\\get-one-match-card\\getOneMatchCard.ts": {"path":"E:\\workspace\\node\\stasisgg-backend\\src\\get-one-match-card\\getOneMatchCard.ts","statementMap":{"0":{"start":{"line":2,"column":0},"end":{"line":2,"column":40}},"1":{"start":{"line":3,"column":0},"end":{"line":3,"column":91}},"2":{"start":{"line":16,"column":2},"end":{"line":18,"column":null}},"3":{"start":{"line":17,"column":4},"end":{"line":17,"column":49}},"4":{"start":{"line":19,"column":25},"end":{"line":23,"column":4}},"5":{"start":{"line":20,"column":4},"end":{"line":22,"column":null}},"6":{"start":{"line":21,"column":6},"end":{"line":21,"column":55}},"7":{"start":{"line":25,"column":2},"end":{"line":27,"column":null}},"8":{"start":{"line":26,"column":4},"end":{"line":26,"column":84}},"9":{"start":{"line":29,"column":17},"end":{"line":29,"column":93}},"10":{"start":{"line":29,"column":45},"end":{"line":29,"column":92}},"11":{"start":{"line":30,"column":2},"end":{"line":32,"column":null}},"12":{"start":{"line":31,"column":4},"end":{"line":31,"column":84}},"13":{"start":{"line":34,"column":2},"end":{"line":34,"column":16}},"14":{"start":{"line":15,"column":0},"end":{"line":15,"column":16}},"15":{"start":{"line":37,"column":13},"end":{"line":77,"column":2}},"16":{"start":{"line":38,"column":2},"end":{"line":40,"column":null}},"17":{"start":{"line":39,"column":4},"end":{"line":39,"column":82}},"18":{"start":{"line":42,"column":17},"end":{"line":42,"column":52}},"19":{"start":{"line":43,"column":2},"end":{"line":45,"column":null}},"20":{"start":{"line":44,"column":4},"end":{"line":44,"column":93}},"21":{"start":{"line":47,"column":21},"end":{"line":47,"column":59}},"22":{"start":{"line":50,"column":2},"end":{"line":54,"column":null}},"23":{"start":{"line":51,"column":4},"end":{"line":51,"column":40}},"24":{"start":{"line":53,"column":4},"end":{"line":53,"column":39}},"25":{"start":{"line":57,"column":2},"end":{"line":61,"column":null}},"26":{"start":{"line":58,"column":4},"end":{"line":58,"column":52}},"27":{"start":{"line":60,"column":4},"end":{"line":60,"column":49}},"28":{"start":{"line":63,"column":2},"end":{"line":65,"column":null}},"29":{"start":{"line":64,"column":4},"end":{"line":64,"column":117}},"30":{"start":{"line":67,"column":34},"end":{"line":73,"column":4}},"31":{"start":{"line":76,"column":2},"end":{"line":76,"column":63}}},"fnMap":{"0":{"name":"getPlayerDTO","decl":{"start":{"line":15,"column":16},"end":{"line":15,"column":28}},"loc":{"start":{"line":15,"column":86},"end":{"line":35,"column":1}}},"1":{"name":"(anonymous_1)","decl":{"start":{"line":19,"column":57},"end":{"line":19,"column":66}},"loc":{"start":{"line":19,"column":69},"end":{"line":23,"column":3}}},"2":{"name":"(anonymous_2)","decl":{"start":{"line":29,"column":40},"end":{"line":29,"column":41}},"loc":{"start":{"line":29,"column":45},"end":{"line":29,"column":92}}},"3":{"name":"(anonymous_3)","decl":{"start":{"line":37,"column":31},"end":{"line":37,"column":36}},"loc":{"start":{"line":37,"column":101},"end":{"line":77,"column":1}}}},"branchMap":{"0":{"loc":{"start":{"line":16,"column":2},"end":{"line":18,"column":null}},"type":"if","locations":[{"start":{"line":16,"column":2},"end":{"line":18,"column":null}},{"start":{"line":16,"column":2},"end":{"line":18,"column":null}}]},"1":{"loc":{"start":{"line":16,"column":6},"end":{"line":16,"column":11}},"type":"binary-expr","locations":[{"start":{"line":16,"column":6},"end":{"line":16,"column":11}},{"start":{"line":16,"column":15},"end":{"line":16,"column":42}},{"start":{"line":16,"column":46},"end":{"line":16,"column":73}},{"start":{"line":16,"column":77},"end":{"line":16,"column":95}}]},"2":{"loc":{"start":{"line":20,"column":4},"end":{"line":22,"column":null}},"type":"if","locations":[{"start":{"line":20,"column":4},"end":{"line":22,"column":null}},{"start":{"line":20,"column":4},"end":{"line":22,"column":null}}]},"3":{"loc":{"start":{"line":25,"column":2},"end":{"line":27,"column":null}},"type":"if","locations":[{"start":{"line":25,"column":2},"end":{"line":27,"column":null}},{"start":{"line":25,"column":2},"end":{"line":27,"column":null}}]},"4":{"loc":{"start":{"line":30,"column":2},"end":{"line":32,"column":null}},"type":"if","locations":[{"start":{"line":30,"column":2},"end":{"line":32,"column":null}},{"start":{"line":30,"column":2},"end":{"line":32,"column":null}}]},"5":{"loc":{"start":{"line":38,"column":2},"end":{"line":40,"column":null}},"type":"if","locations":[{"start":{"line":38,"column":2},"end":{"line":40,"column":null}},{"start":{"line":38,"column":2},"end":{"line":40,"column":null}}]},"6":{"loc":{"start":{"line":38,"column":6},"end":{"line":38,"column":42}},"type":"binary-expr","locations":[{"start":{"line":38,"column":6},"end":{"line":38,"column":42}},{"start":{"line":38,"column":46},"end":{"line":38,"column":81}},{"start":{"line":38,"column":85},"end":{"line":38,"column":124}}]},"7":{"loc":{"start":{"line":43,"column":2},"end":{"line":45,"column":null}},"type":"if","locations":[{"start":{"line":43,"column":2},"end":{"line":45,"column":null}},{"start":{"line":43,"column":2},"end":{"line":45,"column":null}}]},"8":{"loc":{"start":{"line":63,"column":2},"end":{"line":65,"column":null}},"type":"if","locations":[{"start":{"line":63,"column":2},"end":{"line":65,"column":null}},{"start":{"line":63,"column":2},"end":{"line":65,"column":null}}]},"9":{"loc":{"start":{"line":68,"column":14},"end":{"line":68,"column":27}},"type":"binary-expr","locations":[{"start":{"line":68,"column":14},"end":{"line":68,"column":27}},{"start":{"line":68,"column":31},"end":{"line":68,"column":45}}]},"10":{"loc":{"start":{"line":69,"column":9},"end":{"line":69,"column":25}},"type":"binary-expr","locations":[{"start":{"line":69,"column":9},"end":{"line":69,"column":25}},{"start":{"line":69,"column":29},"end":{"line":69,"column":34}}]},"11":{"loc":{"start":{"line":70,"column":24},"end":{"line":70,"column":41}},"type":"binary-expr","locations":[{"start":{"line":70,"column":24},"end":{"line":70,"column":41}},{"start":{"line":70,"column":45},"end":{"line":70,"column":46}}]},"12":{"loc":{"start":{"line":71,"column":22},"end":{"line":71,"column":39}},"type":"binary-expr","locations":[{"start":{"line":71,"column":22},"end":{"line":71,"column":39}},{"start":{"line":71,"column":43},"end":{"line":71,"column":44}}]},"13":{"loc":{"start":{"line":72,"column":17},"end":{"line":72,"column":33}},"type":"binary-expr","locations":[{"start":{"line":72,"column":17},"end":{"line":72,"column":33}},{"start":{"line":72,"column":37},"end":{"line":72,"column":54}}]}},"s":{"0":1,"1":1,"2":2,"3":0,"4":2,"5":16,"6":16,"7":2,"8":0,"9":2,"10":16,"11":2,"12":0,"13":2,"14":1,"15":1,"16":4,"17":2,"18":2,"19":2,"20":1,"21":1,"22":1,"23":1,"24":0,"25":1,"26":1,"27":0,"28":1,"29":0,"30":1,"31":1},"f":{"0":2,"1":16,"2":16,"3":4},"b":{"0":[0,2],"1":[2,2,2,2],"2":[16,0],"3":[0,2],"4":[0,2],"5":[2,2],"6":[4,4,2],"7":[1,1],"8":[0,1],"9":[1,0],"10":[1,0],"11":[1,0],"12":[1,0],"13":[1,0]}}
}
