TN:
SF:E:\workspace\node\stasisgg-backend\src\intializeKayn.ts
FNF:0
FNH:0
DA:1,3
DA:2,3
DA:4,3
DA:5,3
LF:4
LH:4
BRDA:4,0,0,3
BRDA:4,0,1,0
BRF:2
BRH:1
end_of_record
TN:
SF:E:\workspace\node\stasisgg-backend\src\queueHelper.ts
FN:7,getMapFromQueueId
FNF:1
FNH:1
FNDA:1,getMapFromQueueId
DA:1,1
DA:7,1
DA:8,1
DA:9,1
DA:11,0
LF:5
LH:4
BRDA:8,0,0,1
BRDA:8,0,1,0
BRF:2
BRH:1
end_of_record
TN:
SF:E:\workspace\node\stasisgg-backend\src\responseBuilder.ts
FN:6,makeResponse
FN:16,makeErrorResponse
FN:25,makeAPIErrorResponse
FNF:3
FNH:2
FNDA:2,makeResponse
FNDA:9,makeErrorResponse
FNDA:0,makeAPIErrorResponse
DA:6,3
DA:7,2
DA:16,3
DA:17,9
DA:25,3
DA:26,0
DA:31,0
LF:7
LH:5
BRF:0
BRH:0
end_of_record
TN:
SF:E:\workspace\node\stasisgg-backend\src\__test__\faker_3827552557.ts
FNF:0
FNH:0
DA:4,1
DA:16,1
LF:2
LH:2
BRF:0
BRH:0
end_of_record
TN:
SF:E:\workspace\node\stasisgg-backend\src\__test__\mock.ts
FNF:0
FNH:0
DA:4,3
LF:1
LH:1
BRF:0
BRH:0
end_of_record
TN:
SF:E:\workspace\node\stasisgg-backend\src\get-last-10-matches\getLast10Matches.ts
FN:7,getMatchesFromGameIdsPromiseAll
FN:8,(anonymous_1)
FN:15,(anonymous_2)
FN:34,(anonymous_3)
FN:35,(anonymous_4)
FNF:5
FNH:1
FNDA:0,getMatchesFromGameIdsPromiseAll
FNDA:0,(anonymous_1)
FNDA:3,(anonymous_2)
FNDA:0,(anonymous_3)
FNDA:0,(anonymous_4)
DA:2,1
DA:4,1
DA:7,1
DA:8,0
DA:9,0
DA:10,0
DA:12,0
DA:15,1
DA:16,3
DA:17,2
DA:20,1
DA:21,1
DA:22,1
DA:23,1
DA:24,1
DA:27,0
DA:30,0
DA:31,0
DA:34,0
DA:35,0
DA:38,0
DA:39,0
DA:42,0
DA:43,0
DA:46,0
LF:25
LH:11
BRDA:16,0,0,2
BRDA:16,0,1,1
BRDA:16,1,0,3
BRDA:16,1,1,3
BRDA:23,2,0,1
BRDA:23,2,1,0
BRDA:30,3,0,0
BRDA:30,3,1,0
BRDA:38,4,0,0
BRDA:38,4,1,0
BRF:10
BRH:5
end_of_record
TN:
SF:E:\workspace\node\stasisgg-backend\src\get-one-match\getOneMatch.ts
FN:6,(anonymous_0)
FN:22,(anonymous_1)
FN:25,(anonymous_2)
FNF:3
FNH:2
FNDA:4,(anonymous_0)
FNDA:1,(anonymous_1)
FNDA:0,(anonymous_2)
DA:2,1
DA:3,1
DA:6,1
DA:7,4
DA:8,2
DA:10,2
DA:11,2
DA:12,1
DA:15,1
DA:21,1
DA:23,1
DA:26,0
DA:29,1
LF:13
LH:12
BRDA:7,0,0,2
BRDA:7,0,1,2
BRDA:7,1,0,4
BRDA:7,1,1,4
BRDA:11,2,0,1
BRDA:11,2,1,1
BRF:6
BRH:6
end_of_record
TN:
SF:E:\workspace\node\stasisgg-backend\src\get-one-match-card\getOneMatchCard.ts
FN:15,getPlayerDTO
FN:19,(anonymous_1)
FN:29,(anonymous_2)
FN:37,(anonymous_3)
FNF:4
FNH:4
FNDA:2,getPlayerDTO
FNDA:16,(anonymous_1)
FNDA:16,(anonymous_2)
FNDA:4,(anonymous_3)
DA:2,1
DA:3,1
DA:15,1
DA:16,2
DA:17,0
DA:19,2
DA:20,16
DA:21,16
DA:25,2
DA:26,0
DA:29,16
DA:30,2
DA:31,0
DA:34,2
DA:37,1
DA:38,4
DA:39,2
DA:42,2
DA:43,2
DA:44,1
DA:47,1
DA:50,1
DA:51,1
DA:53,0
DA:57,1
DA:58,1
DA:60,0
DA:63,1
DA:64,0
DA:67,1
DA:76,1
LF:31
LH:25
BRDA:16,0,0,0
BRDA:16,0,1,2
BRDA:16,1,0,2
BRDA:16,1,1,2
BRDA:16,1,2,2
BRDA:16,1,3,2
BRDA:20,2,0,16
BRDA:20,2,1,0
BRDA:25,3,0,0
BRDA:25,3,1,2
BRDA:30,4,0,0
BRDA:30,4,1,2
BRDA:38,5,0,2
BRDA:38,5,1,2
BRDA:38,6,0,4
BRDA:38,6,1,4
BRDA:38,6,2,2
BRDA:43,7,0,1
BRDA:43,7,1,1
BRDA:63,8,0,0
BRDA:63,8,1,1
BRDA:68,9,0,1
BRDA:68,9,1,0
BRDA:69,10,0,1
BRDA:69,10,1,0
BRDA:70,11,0,1
BRDA:70,11,1,0
BRDA:71,12,0,1
BRDA:71,12,1,0
BRDA:72,13,0,1
BRDA:72,13,1,0
BRF:31
BRH:21
end_of_record
